Build started 12/6/2012 8:43:27 PM.
     1>Project "C:\Users\Verde Green\Documents\USF\Fall 2012\Object Oriented Design\projects\project3\maynard_ehlers_3\maynard_ehlers_3\maynard_ehlers_3.vcxproj" on node 2 (build target(s)).
     1>InitializeBuildStatus:
         Creating "Debug\maynard_ehlers_3.unsuccessfulbuild" because "AlwaysCreate" was specified.
       ClCompile:
         c:\Program Files (x86)\Microsoft Visual Studio 10.0\VC\bin\CL.exe /c /ZI /nologo /W3 /WX- /Od /Oy- /D WIN32 /D _DEBUG /D _CONSOLE /D _UNICODE /D UNICODE /Gm /EHsc /RTC1 /MDd /GS /fp:precise /Zc:wchar_t /Zc:forScope /Fo"Debug\\" /Fd"Debug\vc100.pdb" /Gd /TP /analyze- /errorReport:prompt aCoin.cpp
         aCoin.cpp
       ManifestResourceCompile:
         All outputs are up-to-date.
       Link:
         c:\Program Files (x86)\Microsoft Visual Studio 10.0\VC\bin\link.exe /ERRORREPORT:PROMPT /OUT:"C:\Users\Verde Green\Documents\USF\Fall 2012\Object Oriented Design\projects\project3\maynard_ehlers_3\Debug\maynard_ehlers_3.exe" /INCREMENTAL /NOLOGO kernel32.lib user32.lib gdi32.lib winspool.lib comdlg32.lib advapi32.lib shell32.lib ole32.lib oleaut32.lib uuid.lib odbc32.lib odbccp32.lib /MANIFEST /ManifestFile:"Debug\maynard_ehlers_3.exe.intermediate.manifest" /MANIFESTUAC:"level='asInvoker' uiAccess='false'" /DEBUG /PDB:"C:\Users\Verde Green\Documents\USF\Fall 2012\Object Oriented Design\projects\project3\maynard_ehlers_3\Debug\maynard_ehlers_3.pdb" /SUBSYSTEM:CONSOLE /TLBID:1 /DYNAMICBASE /NXCOMPAT /IMPLIB:"C:\Users\Verde Green\Documents\USF\Fall 2012\Object Oriented Design\projects\project3\maynard_ehlers_3\Debug\maynard_ehlers_3.lib" /MACHINE:X86 Debug\maynard_ehlers_3.exe.embed.manifest.res
         Debug\aCoin.obj
         Debug\aDie.obj
         Debug\aHistogram.obj
         Debug\aRandomNumberGenerator.obj
         Debug\main.obj
         Debug\utility.obj
       Manifest:
         C:\Program Files (x86)\Microsoft SDKs\Windows\v7.0A\bin\mt.exe /nologo /verbose /out:"Debug\maynard_ehlers_3.exe.embed.manifest" /manifest Debug\maynard_ehlers_3.exe.intermediate.manifest
         All outputs are up-to-date.
       LinkEmbedManifest:
         All outputs are up-to-date.
         maynard_ehlers_3.vcxproj -> C:\Users\Verde Green\Documents\USF\Fall 2012\Object Oriented Design\projects\project3\maynard_ehlers_3\Debug\maynard_ehlers_3.exe
       FinalizeBuildStatus:
         Deleting file "Debug\maynard_ehlers_3.unsuccessfulbuild".
         Touching "Debug\maynard_ehlers_3.lastbuildstate".
     1>Done Building Project "C:\Users\Verde Green\Documents\USF\Fall 2012\Object Oriented Design\projects\project3\maynard_ehlers_3\maynard_ehlers_3\maynard_ehlers_3.vcxproj" (build target(s)).

Build succeeded.

Time Elapsed 00:00:01.29
